LEAVING STATE   : Sm::Map_1::State_1
State_1:Exit
ENTER TRANSITION: Sm::Map_1::State_1.Evt_1()
State_1:Evt_1
EXIT TRANSITION : Sm::Map_1::State_1.Evt_1()
ENTER STATE     : Sm::Map_1::State_2
State_2:Entry
LEAVING STATE   : Sm::Map_1::State_2
State_2:Exit
ENTER TRANSITION: Sm::Map_1::State_2.Evt_2()
State_2:Evt_2
EXIT TRANSITION : Sm::Map_1::State_2.Evt_2()
ENTER STATE     : Sm::Map_1::State_2
State_2:Entry
LEAVING STATE   : Sm::Map_1::State_2
ENTER TRANSITION: Sm::Map_1::State_2.Evt_3()
State_2:Evt_3
EXIT TRANSITION : Sm::Map_1::State_2.Evt_3()
ENTER STATE     : Sm::Map_1::State_2
LEAVING STATE   : Sm::Map_1::State_2
State_2:Exit
ENTER TRANSITION: Sm::Map_1::State_2.Evt_1()
State_2:Evt_1
EXIT TRANSITION : Sm::Map_1::State_2.Evt_1()
ENTER STATE     : Sm::Map_1::State_1
State_1:Entry
LEAVING STATE   : Sm::Map_1::State_1
ENTER TRANSITION: Sm::Map_1::State_1.Default()
State_1:Default
EXIT TRANSITION : Sm::Map_1::State_1.Default()
ENTER STATE     : Sm::Map_1::State_1
LEAVING STATE   : Sm::Map_1::State_1
ENTER TRANSITION: Sm::Map_1::State_1.Default()
State_1:Default
EXIT TRANSITION : Sm::Map_1::State_1.Default()
ENTER STATE     : Sm::Map_1::State_1
