LEAVING STATE   : Map_1::State_1
ENTER TRANSITION: Map_1::State_1.Evt_1()
State_1:Evt_1()
EXIT TRANSITION : Map_1::State_1.Evt_1()
ENTER STATE     : Map_1::State_1
LEAVING STATE   : Map_1::State_1
ENTER TRANSITION: Map_1::State_1.Evt_2()
State_1:Evt_2()
EXIT TRANSITION : Map_1::State_1.Evt_2()
ENTER STATE     : Map_1::State_2
PUSH TO STATE   : Map_2::State_1
LEAVING STATE   : Map_2::State_1
ENTER TRANSITION: Map_2::State_1.Evt_2()
Map_2::Evt_2()
EXIT TRANSITION : Map_2::State_1.Evt_2()
POP TO STATE    : Map_1::State_2
LEAVING STATE   : Map_1::State_2
ENTER TRANSITION: Map_1::State_2.Done_2()
State_2:Done_2()
EXIT TRANSITION : Map_1::State_2.Done_2()
ENTER STATE     : Map_1::State_1
LEAVING STATE   : Map_1::State_1
ENTER TRANSITION: Map_1::State_1.Evt_2()
State_1:Evt_2()
EXIT TRANSITION : Map_1::State_1.Evt_2()
ENTER STATE     : Map_1::State_2
PUSH TO STATE   : Map_2::State_1
LEAVING STATE   : Map_2::State_1
ENTER TRANSITION: Map_2::State_1.Evt3(n)
Map_2::Evt_3(1)
EXIT TRANSITION : Map_2::State_1.Evt3(n)
POP TO STATE    : Map_1::State_2
LEAVING STATE   : Map_1::State_2
ENTER TRANSITION: Map_1::State_2.Done_3(n)
State_2:Done_3(1)
EXIT TRANSITION : Map_1::State_2.Done_3(n)
ENTER STATE     : Map_1::State_2
LEAVING STATE   : Map_1::State_2
ENTER TRANSITION: Map_1::State_2.Evt_1()
State_2:Evt_1()
EXIT TRANSITION : Map_1::State_2.Evt_1()
ENTER STATE     : Map_1::State_1
LEAVING STATE   : Map_1::State_1
ENTER TRANSITION: Map_1::State_1.Evt3(n)
State_1:Evt_3(1)
EXIT TRANSITION : Map_1::State_1.Evt3(n)
ENTER STATE     : Map_3::State_Far
LEAVING STATE   : Map_3::State_Far
ENTER TRANSITION: Map_3::State_Far.Evt_1()
Map_3::Evt_1()
EXIT TRANSITION : Map_3::State_Far.Evt_1()
ENTER STATE     : Map_1::State_1
LEAVING STATE   : Map_1::State_1
ENTER TRANSITION: Map_1::State_1.Evt_1()
State_1:Evt_1()
EXIT TRANSITION : Map_1::State_1.Evt_1()
ENTER STATE     : Map_1::State_1
